<?xml version="1.0" encoding="UTF-8"?>
<!-- Generated by org.testng.reporters.JUnitReportReporter -->
<testsuite hostname="DVCI6119200" failures="0" tests="4" name="Runners.Run" time="0.107" errors="0" timestamp="2023-07-26T11:56:23 IST" skipped="0">
  <testcase classname="Runners.Run" name="runScenario" time="0.095"/>
  <system-out/>
  <testcase classname="Runners.Run" name="runScenario" time="0.004"/>
  <system-out/>
  <testcase classname="Runners.Run" name="runScenario" time="0.004"/>
  <system-out/>
  <testcase classname="Runners.Run" name="runScenario" time="0.004"/>
  <system-out/>
</testsuite> <!-- Runners.Run -->
